# @echo "cylinder not seen" 
# @./minirt test/cylinder/test_input_one_cylinder_1_not_seen.rt 
cylinder seen from outside
# @echo "cylinder seen from point to the right"
# @./minirt test/cylinder/test_input_one_cylinder_3_seen_from_right.rt
# @echo "cylinder seen from point to the left"
# @./minirt test/cylinder/test_input_one_cylinder_4_seen_from_left.rt
# @echo "cylinder seen from inside negative direction"
# @./minirt test/cylinder/test_input_one_cylinder_5_inside_negative_dir.rt
# @echo "cylinder seen from inside positive direction"
# @./minirt test/cylinder/test_input_one_cylinder_6_inside_positive_dir.rt
# @echo "cylinder seen from the other side"
# @./minirt test/cylinder/test_input_one_cylinder_7_outside_seen.rt
# @echo "cylinder not seen from the other side"
# @./minirt test/cylinder/test_input_one_cylinder_8_outside_not_seen.rt
# @echo "cylinder seen from a point to the right, positve y coordinate in point"
# @./minirt test/cylinder/test_input_one_cylinder_9_seen_from_right.rt
# @echo "cylinder seen from a point to the left, negative y coordinate in point"
# @./minirt test/cylinder/test_input_one_cylinder_10_seen_from_left.rt
# @echo "cylinder seen from above"
# @./minirt test/cylinder/test_input_one_cylinder_11_seen_from_up.rt
